<?xml version="1.0" encoding="UTF-8"?>
<!-- Generated by org.testng.reporters.JUnitReportReporter -->
<testsuite skipped="0" hostname="DESKTOP-6CKSBBK" name="newpackage.ExamportalTestNG" tests="5" failures="0" timestamp="2020-05-01T19:48:54 IST" time="6.528" errors="0">
  <testcase name="verifyHomepageTitle" time="0.032" classname="newpackage.ExamportalTestNG"/>
  <system-out/>
  <testcase name="createUser" time="3.472" classname="newpackage.ExamportalTestNG"/>
  <system-out/>
  <testcase name="Login" time="0.639" classname="newpackage.ExamportalTestNG"/>
  <system-out/>
  <testcase name="Reasoning" time="1.751" classname="newpackage.ExamportalTestNG"/>
  <system-out/>
  <testcase name="Status" time="0.634" classname="newpackage.ExamportalTestNG"/>
  <system-out/>
</testsuite> <!-- newpackage.ExamportalTestNG -->
